<?xml version="1.0" encoding="UTF-8"?>
<testng-results ignored="0" total="1" passed="1" failed="0" skipped="0">
  <reporter-output>
  </reporter-output>
  <suite started-at="2021-10-03T20:36:10 IST" name="Default suite" finished-at="2021-10-03T20:36:37 IST" duration-ms="27396">
    <groups>
    </groups>
    <test started-at="2021-10-03T20:36:10 IST" name="Default test" finished-at="2021-10-03T20:36:37 IST" duration-ms="27396">
      <class name="Day1.FrameDemo">
        <test-method signature="singleFrame()[pri:0, instance:Day1.FrameDemo@1f97cf0d]" started-at="2021-10-03T20:36:10 IST" name="singleFrame" finished-at="2021-10-03T20:36:37 IST" duration-ms="27343" status="PASS">
          <reporter-output>
          </reporter-output>
        </test-method> <!-- singleFrame -->
      </class> <!-- Day1.FrameDemo -->
    </test> <!-- Default test -->
  </suite> <!-- Default suite -->
</testng-results>
